2022-06-25 11:53:04,752 INFO PERFORMANCE:|2|6|4|4

2022-06-25 11:58:04,797 INFO PERFORMANCE:|3|7|-1|-1

2022-06-25 12:03:04,800 INFO PERFORMANCE:|3|7|-1|-1

2022-06-25 12:08:04,810 INFO PERFORMANCE:|3|7|-1|-1

2022-06-25 12:13:04,823 INFO PERFORMANCE:|3|7|-1|-1

2022-06-25 12:18:04,838 INFO PERFORMANCE:|3|7|-1|-1

2022-06-25 12:23:04,844 INFO PERFORMANCE:|3|7|-1|-1

2022-06-25 12:28:04,845 INFO PERFORMANCE:|3|7|-1|-1

2022-06-25 12:33:04,856 INFO PERFORMANCE:|3|7|-1|-1

2022-06-25 12:38:04,866 INFO PERFORMANCE:|3|7|-1|-1

2022-06-25 12:43:04,873 INFO PERFORMANCE:|3|7|-1|-1

2022-06-25 12:48:04,883 INFO PERFORMANCE:|3|7|-1|-1

2022-06-25 12:53:04,889 INFO PERFORMANCE:|3|7|-1|-1

2022-06-25 12:58:04,900 INFO PERFORMANCE:|3|7|-1|-1

2022-06-25 13:03:04,912 INFO PERFORMANCE:|3|7|-1|-1

2022-06-25 13:08:04,918 INFO PERFORMANCE:|3|7|-1|-1

2022-06-25 13:13:04,921 INFO PERFORMANCE:|3|7|-1|-1

2022-06-25 13:18:04,929 INFO PERFORMANCE:|3|7|-1|-1

2022-06-25 13:23:04,939 INFO PERFORMANCE:|3|7|-1|-1

2022-06-25 13:28:04,948 INFO PERFORMANCE:|3|4|-1|-1

2022-06-25 13:33:04,958 INFO PERFORMANCE:|1|4|-1|-1

2022-06-25 13:38:04,960 INFO PERFORMANCE:|1|4|-1|-1

2022-06-25 13:43:04,981 INFO PERFORMANCE:|1|4|-1|-1

2022-06-25 13:48:04,986 INFO PERFORMANCE:|1|4|-1|-1

2022-06-25 13:53:04,995 INFO PERFORMANCE:|1|4|-1|-1

2022-06-25 13:58:05,006 INFO PERFORMANCE:|1|4|-1|-1

2022-06-25 14:03:05,012 INFO PERFORMANCE:|1|4|-1|-1

2022-06-25 14:08:05,020 INFO PERFORMANCE:|1|4|-1|-1

2022-06-25 14:13:05,023 INFO PERFORMANCE:|1|4|-1|-1

2022-06-25 14:18:05,024 INFO PERFORMANCE:|1|4|-1|-1

2022-06-25 14:23:05,033 INFO PERFORMANCE:|1|4|-1|-1

2022-06-25 15:00:56,420 INFO PERFORMANCE:|1|4|-1|-1

2022-06-25 15:05:56,423 INFO PERFORMANCE:|1|4|-1|-1

2022-06-25 15:10:56,433 INFO PERFORMANCE:|1|4|-1|-1

2022-06-25 15:15:56,445 INFO PERFORMANCE:|1|4|-1|-1

2022-06-25 15:20:56,460 INFO PERFORMANCE:|1|4|-1|-1

2022-06-25 15:25:56,475 INFO PERFORMANCE:|1|4|-1|-1

2022-06-25 15:30:56,485 INFO PERFORMANCE:|1|4|-1|-1

2022-06-25 15:35:56,493 INFO PERFORMANCE:|1|4|-1|-1

2022-06-25 15:40:56,497 INFO PERFORMANCE:|1|4|-1|-1

2022-06-25 15:45:56,512 INFO PERFORMANCE:|1|4|-1|-1

2022-06-25 15:50:56,528 INFO PERFORMANCE:|1|4|-1|-1

2022-06-25 15:55:56,533 INFO PERFORMANCE:|1|4|-1|-1

2022-06-25 16:00:56,533 INFO PERFORMANCE:|1|4|-1|-1

2022-06-25 16:05:56,546 INFO PERFORMANCE:|1|4|-1|-1

2022-06-25 16:10:56,559 INFO PERFORMANCE:|1|4|-1|-1

2022-06-25 16:15:56,575 INFO PERFORMANCE:|1|4|-1|-1

2022-06-25 16:22:20,317 INFO PERFORMANCE:|3|8|-1|-1

2022-06-25 16:27:20,325 INFO PERFORMANCE:|3|8|-1|-1

2022-06-25 16:32:20,339 INFO PERFORMANCE:|4|9|-1|-1

2022-06-25 16:37:20,345 INFO PERFORMANCE:|4|9|-1|-1

2022-06-25 16:42:20,346 INFO PERFORMANCE:|4|9|-1|-1

2022-06-25 16:47:20,349 INFO PERFORMANCE:|4|9|-1|-1

2022-06-25 16:52:20,361 INFO PERFORMANCE:|4|9|-1|-1

2022-06-25 16:57:20,376 INFO PERFORMANCE:|4|9|-1|-1

2022-06-25 17:02:20,389 INFO PERFORMANCE:|4|9|-1|-1

2022-06-25 17:07:20,392 INFO PERFORMANCE:|4|9|-1|-1

2022-06-25 17:12:20,403 INFO PERFORMANCE:|4|9|-1|-1

2022-06-25 17:17:20,492 INFO PERFORMANCE:|4|9|-1|-1

2022-06-25 17:22:20,494 INFO PERFORMANCE:|4|9|-1|-1

2022-06-25 17:27:20,501 INFO PERFORMANCE:|4|9|-1|-1

2022-06-25 17:32:20,510 INFO PERFORMANCE:|4|9|-1|-1

2022-06-25 17:37:20,511 INFO PERFORMANCE:|4|9|-1|-1

2022-06-25 17:44:52,563 INFO PERFORMANCE:|4|9|8|6

2022-06-25 17:49:52,568 INFO PERFORMANCE:|4|9|-1|-1

2022-06-25 17:54:52,572 INFO PERFORMANCE:|4|9|-1|-1

2022-06-25 17:59:52,583 INFO PERFORMANCE:|4|9|-1|-1

2022-06-25 18:04:52,593 INFO PERFORMANCE:|4|9|-1|-1

2022-06-25 18:09:52,601 INFO PERFORMANCE:|4|9|-1|-1

2022-06-25 18:14:52,610 INFO PERFORMANCE:|4|9|-1|-1

2022-06-25 18:19:52,617 INFO PERFORMANCE:|4|9|-1|-1

2022-06-25 18:24:52,620 INFO PERFORMANCE:|4|9|-1|-1

2022-06-25 18:47:27,239 INFO PERFORMANCE:|4|9|-1|-1

2022-06-25 18:52:27,242 INFO PERFORMANCE:|4|9|-1|-1

2022-06-25 18:57:27,244 INFO PERFORMANCE:|4|9|-1|-1

2022-06-25 19:02:27,252 INFO PERFORMANCE:|4|9|-1|-1

2022-06-25 19:07:27,352 INFO PERFORMANCE:|4|9|-1|-1

2022-06-25 19:12:27,362 INFO PERFORMANCE:|4|8|-1|-1

2022-06-25 19:15:28,786 INFO PERFORMANCE:|4|9|-1|-1

2022-06-25 19:20:28,796 INFO PERFORMANCE:|4|9|-1|-1

2022-06-25 19:25:28,811 INFO PERFORMANCE:|4|9|-1|-1

2022-06-25 19:30:28,820 INFO PERFORMANCE:|4|9|-1|-1

2022-06-25 19:35:28,847 INFO PERFORMANCE:|4|9|-1|-1

2022-06-25 19:40:28,859 INFO PERFORMANCE:|4|9|-1|-1

2022-06-25 19:45:28,873 INFO PERFORMANCE:|4|9|-1|-1

2022-06-25 19:50:28,885 INFO PERFORMANCE:|4|9|-1|-1

